# JRE version: OpenJDK Runtime Environment (11.0.4+10) (build 11.0.4+10-b304.69)
# Java VM: OpenJDK 64-Bit Server VM (11.0.4+10-b304.69, mixed mode, sharing, tiered, compressed oops, g1 gc, windows-amd64)
Heap:
 garbage-first heap   total 76800K, used 15433K [0x00000000c2e00000, 0x0000000100000000)
  region size 1024K, 5 young (5120K), 5 survivors (5120K)
 Metaspace       used 24911K, capacity 25995K, committed 26160K, reserved 1071104K
  class space    used 3448K, capacity 3882K, committed 3968K, reserved 1048576K
GC Heap History (10 events):
Event: 2.865 GC heap after
{Heap after GC invocations=3 (full 0):
 garbage-first heap   total 63488K, used 10272K [0x00000000c2e00000, 0x0000000100000000)
  region size 1024K, 3 young (3072K), 3 survivors (3072K)
 Metaspace       used 13955K, capacity 14652K, committed 14848K, reserved 1062912K
  class space    used 1973K, capacity 2247K, committed 2304K, reserved 1048576K
}
Event: 3.270 GC heap before
{Heap before GC invocations=3 (full 0):
 garbage-first heap   total 63488K, used 36896K [0x00000000c2e00000, 0x0000000100000000)
  region size 1024K, 30 young (30720K), 3 survivors (3072K)
 Metaspace       used 17057K, capacity 17771K, committed 18048K, reserved 1064960K
  class space    used 2340K, capacity 2627K, committed 2688K, reserved 1048576K
}
Event: 3.276 GC heap after
{Heap after GC invocations=4 (full 0):
 garbage-first heap   total 63488K, used 11203K [0x00000000c2e00000, 0x0000000100000000)
  region size 1024K, 2 young (2048K), 2 survivors (2048K)
 Metaspace       used 17057K, capacity 17771K, committed 18048K, reserved 1064960K
  class space    used 2340K, capacity 2627K, committed 2688K, reserved 1048576K
}
Event: 3.321 GC heap before
{Heap before GC invocations=4 (full 0):
 garbage-first heap   total 63488K, used 40899K [0x00000000c2e00000, 0x0000000100000000)
  region size 1024K, 32 young (32768K), 2 survivors (2048K)
 Metaspace       used 17532K, capacity 18251K, committed 18304K, reserved 1064960K
  class space    used 2382K, capacity 2659K, committed 2688K, reserved 1048576K
}
Event: 3.325 GC heap after
{Heap after GC invocations=5 (full 0):
 garbage-first heap   total 63488K, used 11175K [0x00000000c2e00000, 0x0000000100000000)
  region size 1024K, 2 young (2048K), 2 survivors (2048K)
 Metaspace       used 17532K, capacity 18251K, committed 18304K, reserved 1064960K
  class space    used 2382K, capacity 2659K, committed 2688K, reserved 1048576K
}
Event: 3.908 GC heap before
{Heap before GC invocations=5 (full 0):
 garbage-first heap   total 63488K, used 43943K [0x00000000c2e00000, 0x0000000100000000)
  region size 1024K, 35 young (35840K), 2 survivors (2048K)
 Metaspace       used 19332K, capacity 20121K, committed 20224K, reserved 1067008K
  class space    used 2657K, capacity 2977K, committed 3072K, reserved 1048576K
}
Event: 3.916 GC heap after
{Heap after GC invocations=6 (full 0):
 garbage-first heap   total 63488K, used 12591K [0x00000000c2e00000, 0x0000000100000000)
  region size 1024K, 4 young (4096K), 4 survivors (4096K)
 Metaspace       used 19332K, capacity 20121K, committed 20224K, reserved 1067008K
  class space    used 2657K, capacity 2977K, committed 3072K, reserved 1048576K
}
Event: 4.098 GC heap before
{Heap before GC invocations=6 (full 0):
 garbage-first heap   total 63488K, used 21807K [0x00000000c2e00000, 0x0000000100000000)
  region size 1024K, 14 young (14336K), 4 survivors (4096K)
 Metaspace       used 20410K, capacity 21214K, committed 21296K, reserved 1067008K
  class space    used 2829K, capacity 3171K, committed 3200K, reserved 1048576K
}
Event: 4.105 GC heap after
{Heap after GC invocations=7 (full 0):
 garbage-first heap   total 63488K, used 13020K [0x00000000c2e00000, 0x0000000100000000)
  region size 1024K, 3 young (3072K), 3 survivors (3072K)
 Metaspace       used 20410K, capacity 21214K, committed 21296K, reserved 1067008K
  class space    used 2829K, capacity 3171K, committed 3200K, reserved 1048576K
}
Event: 4.639 GC heap before
{Heap before GC invocations=8 (full 0):
 garbage-first heap   total 63488K, used 45788K [0x00000000c2e00000, 0x0000000100000000)
  region size 1024K, 35 young (35840K), 3 survivors (3072K)
 Metaspace       used 24911K, capacity 25995K, committed 26160K, reserved 1071104K
  class space    used 3448K, capacity 3882K, committed 3968K, reserved 1048576K
}

