# JRE version: OpenJDK Runtime Environment (11.0.4+10) (build 11.0.4+10-b304.69)
# Java VM: OpenJDK 64-Bit Server VM (11.0.4+10-b304.69, mixed mode, sharing, tiered, compressed oops, g1 gc, windows-amd64)
Heap:
 garbage-first heap   total 76800K, used 17043K [0x00000000c2e00000, 0x0000000100000000)
  region size 1024K, 3 young (3072K), 3 survivors (3072K)
 Metaspace       used 32359K, capacity 33598K, committed 33712K, reserved 1077248K
  class space    used 4527K, capacity 5017K, committed 5120K, reserved 1048576K
GC Heap History (10 events):
Event: 4.194 GC heap after
{Heap after GC invocations=6 (full 0):
 garbage-first heap   total 63488K, used 11920K [0x00000000c2e00000, 0x0000000100000000)
  region size 1024K, 3 young (3072K), 3 survivors (3072K)
 Metaspace       used 19200K, capacity 20031K, committed 20096K, reserved 1067008K
  class space    used 2600K, capacity 2937K, committed 2944K, reserved 1048576K
}
Event: 4.458 GC heap before
{Heap before GC invocations=6 (full 0):
 garbage-first heap   total 63488K, used 30352K [0x00000000c2e00000, 0x0000000100000000)
  region size 1024K, 22 young (22528K), 3 survivors (3072K)
 Metaspace       used 20292K, capacity 21132K, committed 21296K, reserved 1067008K
  class space    used 2761K, capacity 3129K, committed 3200K, reserved 1048576K
}
Event: 4.465 GC heap after
{Heap after GC invocations=7 (full 0):
 garbage-first heap   total 63488K, used 12500K [0x00000000c2e00000, 0x0000000100000000)
  region size 1024K, 3 young (3072K), 3 survivors (3072K)
 Metaspace       used 20292K, capacity 21132K, committed 21296K, reserved 1067008K
  class space    used 2761K, capacity 3129K, committed 3200K, reserved 1048576K
}
Event: 4.996 GC heap before
{Heap before GC invocations=8 (full 0):
 garbage-first heap   total 63488K, used 45268K [0x00000000c2e00000, 0x0000000100000000)
  region size 1024K, 35 young (35840K), 3 survivors (3072K)
 Metaspace       used 24093K, capacity 25115K, committed 25264K, reserved 1071104K
  class space    used 3309K, capacity 3723K, committed 3840K, reserved 1048576K
}
Event: 5.009 GC heap after
{Heap after GC invocations=9 (full 0):
 garbage-first heap   total 63488K, used 14517K [0x00000000c2e00000, 0x0000000100000000)
  region size 1024K, 4 young (4096K), 4 survivors (4096K)
 Metaspace       used 24093K, capacity 25115K, committed 25264K, reserved 1071104K
  class space    used 3309K, capacity 3723K, committed 3840K, reserved 1048576K
}
Event: 5.282 GC heap before
{Heap before GC invocations=9 (full 0):
 garbage-first heap   total 63488K, used 45237K [0x00000000c2e00000, 0x0000000100000000)
  region size 1024K, 35 young (35840K), 4 survivors (4096K)
 Metaspace       used 26170K, capacity 27298K, committed 27568K, reserved 1073152K
  class space    used 3560K, capacity 4004K, committed 4096K, reserved 1048576K
}
Event: 5.292 GC heap after
{Heap after GC invocations=10 (full 0):
 garbage-first heap   total 63488K, used 15710K [0x00000000c2e00000, 0x0000000100000000)
  region size 1024K, 4 young (4096K), 4 survivors (4096K)
 Metaspace       used 26170K, capacity 27298K, committed 27568K, reserved 1073152K
  class space    used 3560K, capacity 4004K, committed 4096K, reserved 1048576K
}
Event: 5.437 GC heap before
{Heap before GC invocations=10 (full 0):
 garbage-first heap   total 63488K, used 46430K [0x00000000c2e00000, 0x0000000100000000)
  region size 1024K, 35 young (35840K), 4 survivors (4096K)
 Metaspace       used 26755K, capacity 27920K, committed 28208K, reserved 1073152K
  class space    used 3631K, capacity 4105K, committed 4224K, reserved 1048576K
}
Event: 5.444 GC heap after
{Heap after GC invocations=11 (full 0):
 garbage-first heap   total 63488K, used 16008K [0x00000000c2e00000, 0x0000000100000000)
  region size 1024K, 2 young (2048K), 2 survivors (2048K)
 Metaspace       used 26755K, capacity 27920K, committed 28208K, reserved 1073152K
  class space    used 3631K, capacity 4105K, committed 4224K, reserved 1048576K
}
Event: 6.120 GC heap before
{Heap before GC invocations=11 (full 0):
 garbage-first heap   total 63488K, used 48776K [0x00000000c2e00000, 0x0000000100000000)
  region size 1024K, 34 young (34816K), 2 survivors (2048K)
 Metaspace       used 32359K, capacity 33598K, committed 33712K, reserved 1077248K
  class space    used 4527K, capacity 5017K, committed 5120K, reserved 1048576K
}

