# JRE version: OpenJDK Runtime Environment (11.0.4+10) (build 11.0.4+10-b304.69)
# Java VM: OpenJDK 64-Bit Server VM (11.0.4+10-b304.69, mixed mode, sharing, tiered, compressed oops, g1 gc, windows-amd64)
Heap:
 garbage-first heap   total 76800K, used 15806K [0x00000000c2e00000, 0x0000000100000000)
  region size 1024K, 2 young (2048K), 2 survivors (2048K)
 Metaspace       used 25438K, capacity 26485K, committed 26672K, reserved 1073152K
  class space    used 3441K, capacity 3849K, committed 3968K, reserved 1048576K
GC Heap History (10 events):
Event: 4.225 GC heap after
{Heap after GC invocations=6 (full 0):
 garbage-first heap   total 63488K, used 11263K [0x00000000c2e00000, 0x0000000100000000)
  region size 1024K, 2 young (2048K), 2 survivors (2048K)
 Metaspace       used 17778K, capacity 18504K, committed 18560K, reserved 1064960K
  class space    used 2413K, capacity 2675K, committed 2688K, reserved 1048576K
}
Event: 4.617 GC heap before
{Heap before GC invocations=6 (full 0):
 garbage-first heap   total 63488K, used 41983K [0x00000000c2e00000, 0x0000000100000000)
  region size 1024K, 32 young (32768K), 2 survivors (2048K)
 Metaspace       used 19371K, capacity 20156K, committed 20352K, reserved 1067008K
  class space    used 2649K, capacity 2941K, committed 2944K, reserved 1048576K
}
Event: 4.623 GC heap after
{Heap after GC invocations=7 (full 0):
 garbage-first heap   total 63488K, used 12206K [0x00000000c2e00000, 0x0000000100000000)
  region size 1024K, 3 young (3072K), 3 survivors (3072K)
 Metaspace       used 19371K, capacity 20156K, committed 20352K, reserved 1067008K
  class space    used 2649K, capacity 2941K, committed 2944K, reserved 1048576K
}
Event: 4.771 GC heap before
{Heap before GC invocations=7 (full 0):
 garbage-first heap   total 63488K, used 20398K [0x00000000c2e00000, 0x0000000100000000)
  region size 1024K, 12 young (12288K), 3 survivors (3072K)
 Metaspace       used 20308K, capacity 21122K, committed 21296K, reserved 1067008K
  class space    used 2799K, capacity 3135K, committed 3200K, reserved 1048576K
}
Event: 4.777 GC heap after
{Heap after GC invocations=8 (full 0):
 garbage-first heap   total 63488K, used 12747K [0x00000000c2e00000, 0x0000000100000000)
  region size 1024K, 3 young (3072K), 3 survivors (3072K)
 Metaspace       used 20308K, capacity 21122K, committed 21296K, reserved 1067008K
  class space    used 2799K, capacity 3135K, committed 3200K, reserved 1048576K
}
Event: 5.240 GC heap before
{Heap before GC invocations=9 (full 0):
 garbage-first heap   total 63488K, used 38347K [0x00000000c2e00000, 0x0000000100000000)
  region size 1024K, 28 young (28672K), 3 survivors (3072K)
 Metaspace       used 23597K, capacity 24611K, committed 24880K, reserved 1071104K
  class space    used 3272K, capacity 3673K, committed 3712K, reserved 1048576K
}
Event: 5.251 GC heap after
{Heap after GC invocations=10 (full 0):
 garbage-first heap   total 63488K, used 14488K [0x00000000c2e00000, 0x0000000100000000)
  region size 1024K, 4 young (4096K), 4 survivors (4096K)
 Metaspace       used 23597K, capacity 24611K, committed 24880K, reserved 1071104K
  class space    used 3272K, capacity 3673K, committed 3712K, reserved 1048576K
}
Event: 5.478 GC heap before
{Heap before GC invocations=10 (full 0):
 garbage-first heap   total 63488K, used 39064K [0x00000000c2e00000, 0x0000000100000000)
  region size 1024K, 29 young (29696K), 4 survivors (4096K)
 Metaspace       used 25438K, capacity 26485K, committed 26672K, reserved 1073152K
  class space    used 3441K, capacity 3849K, committed 3968K, reserved 1048576K
}
Event: 5.488 GC heap after
{Heap after GC invocations=11 (full 0):
 garbage-first heap   total 63488K, used 15922K [0x00000000c2e00000, 0x0000000100000000)
  region size 1024K, 4 young (4096K), 4 survivors (4096K)
 Metaspace       used 25438K, capacity 26485K, committed 26672K, reserved 1073152K
  class space    used 3441K, capacity 3849K, committed 3968K, reserved 1048576K
}
Event: 5.510 GC heap before
{Heap before GC invocations=11 (full 0):
 garbage-first heap   total 63488K, used 40498K [0x00000000c2e00000, 0x0000000100000000)
  region size 1024K, 29 young (29696K), 4 survivors (4096K)
 Metaspace       used 25438K, capacity 26485K, committed 26672K, reserved 1073152K
  class space    used 3441K, capacity 3849K, committed 3968K, reserved 1048576K
}

